This is pdfTeX, Version 3.14159265-2.6-1.40.18 (MiKTeX 2.9.6500 64-bit) (preloaded format=pdflatex 2017.12.7)  11 OCT 2019 13:32
entering extended mode
**./Structure.tex
(Structure.tex
LaTeX2e <2017-04-15>
Babel <3.15> and hyphenation patterns for 75 language(s) loaded.
("C:\Program Files\MiKTeX 2.9\tex\latex\base\article.cls"
Document Class: article 2014/09/29 v1.4h Standard LaTeX document class
("C:\Program Files\MiKTeX 2.9\tex\latex\base\size11.clo"
File: size11.clo 2014/09/29 v1.4h Standard LaTeX file (size option)
)
\c@part=\count79
\c@section=\count80
\c@subsection=\count81
\c@subsubsection=\count82
\c@paragraph=\count83
\c@subparagraph=\count84
\c@figure=\count85
\c@table=\count86
\abovecaptionskip=\skip41
\belowcaptionskip=\skip42
\bibindent=\dimen102
)
("C:\Program Files\MiKTeX 2.9\tex\latex\graphics\graphicx.sty"
Package: graphicx 2017/06/01 v1.1a Enhanced LaTeX Graphics (DPC,SPQR)

("C:\Program Files\MiKTeX 2.9\tex\latex\graphics\keyval.sty"
Package: keyval 2014/10/28 v1.15 key=value parser (DPC)
\KV@toks@=\toks14
)
("C:\Program Files\MiKTeX 2.9\tex\latex\graphics\graphics.sty"
Package: graphics 2017/06/25 v1.2c Standard LaTeX Graphics (DPC,SPQR)

("C:\Program Files\MiKTeX 2.9\tex\latex\graphics\trig.sty"
Package: trig 2016/01/03 v1.10 sin cos tan (DPC)
)
("C:\Program Files\MiKTeX 2.9\tex\latex\graphics-cfg\graphics.cfg"
File: graphics.cfg 2016/06/04 v1.11 sample graphics configuration
)
Package graphics Info: Driver file: pdftex.def on input line 99.

("C:\Program Files\MiKTeX 2.9\tex\latex\graphics-def\pdftex.def"
File: pdftex.def 2017/06/24 v1.0g Graphics/color driver for pdftex
))
\Gin@req@height=\dimen103
\Gin@req@width=\dimen104
)
(Structure.aux)
\openout1 = `Structure.aux'.

LaTeX Font Info:    Checking defaults for OML/cmm/m/it on input line 5.
LaTeX Font Info:    ... okay on input line 5.
LaTeX Font Info:    Checking defaults for T1/cmr/m/n on input line 5.
LaTeX Font Info:    ... okay on input line 5.
LaTeX Font Info:    Checking defaults for OT1/cmr/m/n on input line 5.
LaTeX Font Info:    ... okay on input line 5.
LaTeX Font Info:    Checking defaults for OMS/cmsy/m/n on input line 5.
LaTeX Font Info:    ... okay on input line 5.
LaTeX Font Info:    Checking defaults for OMX/cmex/m/n on input line 5.
LaTeX Font Info:    ... okay on input line 5.
LaTeX Font Info:    Checking defaults for U/cmr/m/n on input line 5.
LaTeX Font Info:    ... okay on input line 5.
 ("C:\Program Files\MiKTeX 2.9\tex\context\base\supp-pdf.mkii"
[Loading MPS to PDF converter (version 2006.09.02).]
\scratchcounter=\count87
\scratchdimen=\dimen105
\scratchbox=\box26
\nofMPsegments=\count88
\nofMParguments=\count89
\everyMPshowfont=\toks15
\MPscratchCnt=\count90
\MPscratchDim=\dimen106
\MPnumerator=\count91
\makeMPintoPDFobject=\count92
\everyMPtoPDFconversion=\toks16
) ("C:\Program Files\MiKTeX 2.9\tex\latex\oberdiek\epstopdf-base.sty"
Package: epstopdf-base 2016/05/15 v2.6 Base part for package epstopdf

("C:\Program Files\MiKTeX 2.9\tex\generic\oberdiek\infwarerr.sty"
Package: infwarerr 2016/05/16 v1.4 Providing info/warning/error messages (HO)
)
("C:\Program Files\MiKTeX 2.9\tex\latex\oberdiek\grfext.sty"
Package: grfext 2016/05/16 v1.2 Manage graphics extensions (HO)

("C:\Program Files\MiKTeX 2.9\tex\generic\oberdiek\kvdefinekeys.sty"
Package: kvdefinekeys 2016/05/16 v1.4 Define keys (HO)

("C:\Program Files\MiKTeX 2.9\tex\generic\oberdiek\ltxcmds.sty"
Package: ltxcmds 2016/05/16 v1.23 LaTeX kernel commands for general use (HO)
)))
("C:\Program Files\MiKTeX 2.9\tex\latex\oberdiek\kvoptions.sty"
Package: kvoptions 2016/05/16 v3.12 Key value format for package options (HO)

("C:\Program Files\MiKTeX 2.9\tex\generic\oberdiek\kvsetkeys.sty"
Package: kvsetkeys 2016/05/16 v1.17 Key value parser (HO)

("C:\Program Files\MiKTeX 2.9\tex\generic\oberdiek\etexcmds.sty"
Package: etexcmds 2016/05/16 v1.6 Avoid name clashes with e-TeX commands (HO)

("C:\Program Files\MiKTeX 2.9\tex\generic\oberdiek\ifluatex.sty"
Package: ifluatex 2016/05/16 v1.4 Provides the ifluatex switch (HO)
Package ifluatex Info: LuaTeX not detected.
)
Package etexcmds Info: Could not find \expanded.
(etexcmds)             That can mean that you are not using pdfTeX 1.50 or
(etexcmds)             that some package has redefined \expanded.
(etexcmds)             In the latter case, load this package earlier.
)))
("C:\Program Files\MiKTeX 2.9\tex\generic\oberdiek\pdftexcmds.sty"
Package: pdftexcmds 2017/03/19 v0.25 Utility functions of pdfTeX for LuaTeX (HO
)

("C:\Program Files\MiKTeX 2.9\tex\generic\oberdiek\ifpdf.sty"
Package: ifpdf 2017/03/15 v3.2 Provides the ifpdf switch
)
Package pdftexcmds Info: LuaTeX not detected.
Package pdftexcmds Info: \pdf@primitive is available.
Package pdftexcmds Info: \pdf@ifprimitive is available.
Package pdftexcmds Info: \pdfdraftmode found.
)
Package epstopdf-base Info: Redefining graphics rule for `.eps' on input line 4
38.
Package grfext Info: Graphics extension search list:
(grfext)             [.pdf,.png,.jpg,.mps,.jpeg,.jbig2,.jb2,.PDF,.PNG,.JPG,.JPE
G,.JBIG2,.JB2,.eps]
(grfext)             \AppendGraphicsExtensions on input line 456.
)
LaTeX Font Info:    Try loading font information for OMS+cmr on input line 15.

("C:\Program Files\MiKTeX 2.9\tex\latex\base\omscmr.fd"
File: omscmr.fd 2014/09/29 v2.5h Standard LaTeX font definitions
)
LaTeX Font Info:    Font shape `OMS/cmr/m/n' in size <10.95> not available
(Font)              Font shape `OMS/cmsy/m/n' tried instead on input line 15.
<images/StartSyntax2.png, id=1, 414.04688pt x 30.86531pt>
File: images/StartSyntax2.png Graphic file (type png)
<use images/StartSyntax2.png>
Package pdftex.def Info: images/StartSyntax2.png  used on input line 25. on inp
ut line 25.
Package pdftex.def Info: Requested size: 360.0pt x 26.83704pt on input line 25.

<images/AST.png, id=2, 332.24126pt x 382.42876pt>
File: images/AST.png Graphic file (type png)
<use images/AST.png>
Package pdftex.def Info: images/AST.png  used on input line 32. on input line 3
2.
Package pdftex.def Info: Requested size: 166.12021pt x 191.2139pt on input line
 32.


LaTeX Warning: `h' float specifier changed to `ht'.

[1

{C:/Users/s137910/AppData/Local/MiKTeX/2.9/pdftex/config/pdftex.map} <./images/
StartSyntax2.png>]
<images/World_Definition.png, id=11, 754.82pt x 908.39375pt>
File: images/World_Definition.png Graphic file (type png)
<use images/World_Definition.png>
Package pdftex.def Info: images/World_Definition.png  used on input line 53. on
 input line 53.
Package pdftex.def Info: Requested size: 301.92265pt x 363.35106pt on input lin
e 53.


LaTeX Warning: `h' float specifier changed to `ht'.


Underfull \hbox (badness 10000) in paragraph at lines 63--72

 []


Underfull \hbox (badness 10000) in paragraph at lines 63--72

 []


Underfull \hbox (badness 10000) in paragraph at lines 63--72

 []


Underfull \hbox (badness 10000) in paragraph at lines 63--72

 []

[2 <./images/AST.png>] [3 <./images/World_Definition.png>]
! You can't use `macro parameter character #' in horizontal mode.
l.77 ...y in the \# operator. In Rascal, calling #
                                                  NonTerminal where NonTermi...
Sorry, but I'm not programmed to handle this case;
I'll just pretend that you didn't ask for it.
If you're in the wrong mode, you might be able to
return to the right one by typing `I}' or `I$' or `I\par'.


Underfull \hbox (badness 10000) in paragraph at lines 75--85

 []


Underfull \hbox (badness 10000) in paragraph at lines 75--85

 []


Underfull \hbox (badness 10000) in paragraph at lines 75--85

 []


Underfull \hbox (badness 10000) in paragraph at lines 75--85

 []

[4]
<images/StartSyntaxXML.png, id=23, 231.11343pt x 255.95625pt>
File: images/StartSyntaxXML.png Graphic file (type png)
<use images/StartSyntaxXML.png>
Package pdftex.def Info: images/StartSyntaxXML.png  used on input line 110. on 
input line 110.
Package pdftex.def Info: Requested size: 161.77829pt x 179.16814pt on input lin
e 110.


LaTeX Warning: `h' float specifier changed to `ht'.

[5] [6 <./images/StartSyntaxXML.png>]
<images/UnlabeledProduction.png, id=31, 473.51906pt x 87.32625pt>
File: images/UnlabeledProduction.png Graphic file (type png)
<use images/UnlabeledProduction.png>
Package pdftex.def Info: images/UnlabeledProduction.png  used on input line 133
. on input line 133.
Package pdftex.def Info: Requested size: 360.0pt x 66.39261pt on input line 133
.
 [7 <./images/UnlabeledProduction.png>]
(Structure.aux) ) 
Here is how much of TeX's memory you used:
 1467 strings out of 493312
 21324 string characters out of 3138893
 80645 words of memory out of 3000000
 5025 multiletter control sequences out of 15000+200000
 5715 words of font info for 21 fonts, out of 3000000 for 9000
 1141 hyphenation exceptions out of 8191
 41i,6n,25p,1249b,256s stack positions out of 5000i,500n,10000p,200000b,50000s
<C:/Program Files/MiKTeX 2.9/fonts/type1/public/amsfonts/cm/cm
bx10.pfb><C:/Program Files/MiKTeX 2.9/fonts/type1/public/amsfonts/cm/cmbx12.pfb
><C:/Program Files/MiKTeX 2.9/fonts/type1/public/amsfonts/cm/cmr10.pfb><C:/Prog
ram Files/MiKTeX 2.9/fonts/type1/public/amsfonts/cm/cmsy10.pfb>
Output written on Structure.pdf (7 pages, 100837 bytes).
PDF statistics:
 50 PDF objects out of 1000 (max. 8388607)
 0 named destinations out of 1000 (max. 500000)
 26 words of extra memory for PDF output out of 10000 (max. 10000000)

